<?xml version="1.0" encoding="UTF-8"?>
<!-- Generated by org.testng.reporters.JUnitReportReporter -->
<testsuite skipped="0" hostname="DESKTOP-MKHQDAH" name="com.actitime.testscript.CustomerModule" tests="2" failures="0" timestamp="2022-09-20T22:54:15 IST" time="0.010" errors="0">
  <testcase name="deleteCustomer" time="0.003" classname="com.actitime.testscript.CustomerModule"/>
  <system-out>
    <![CDATA[deleteCustomer]]>
  </system-out>
  <testcase name="createCustomer" time="0.007" classname="com.actitime.testscript.CustomerModule"/>
  <system-out>
    <![CDATA[createCustomer]]>
  </system-out>
</testsuite> <!-- com.actitime.testscript.CustomerModule -->
