<?xml version="1.0" encoding="UTF-8"?>
<!-- Generated by org.testng.reporters.JUnitReportReporter -->
<testsuite skipped="0" hostname="DESKTOP-MKHQDAH" name="qsp.DemoTestNg" tests="1" failures="0" timestamp="2022-09-14T16:46:06 IST" time="0.010" errors="0">
  <testcase name="demoTest" time="0.010" classname="qsp.DemoTestNg"/>
  <system-out>
    <![CDATA[welome]]>
  </system-out>
</testsuite> <!-- qsp.DemoTestNg -->
